<?xml version="1.0" encoding="UTF-8"?>
<!-- Generated by org.testng.reporters.JUnitReportReporter -->
<testsuite hostname="LAPTOP-B1OMR5EQ" failures="0" tests="1" name="Cucumber.Automation.AppTest" time="0.003" errors="0" timestamp="12 Feb 2020 09:20:49 GMT" skipped="0">
  <testcase classname="Cucumber.Automation.AppTest" name="testApp" time="0.003"/>
</testsuite> <!-- Cucumber.Automation.AppTest -->
